<?xml version="1.0" encoding="UTF-8"?>
<testng-results skipped="0" failed="0" total="1" passed="1">
  <reporter-output>
  </reporter-output>
  <suite name="Surefire suite" duration-ms="9963" started-at="2020-07-07T13:39:00Z" finished-at="2020-07-07T13:39:10Z">
    <groups>
      <group name="cucumber">
        <method signature="AbstractTestNGCucumberTests.runScenario(io.cucumber.testng.PickleEventWrapper, io.cucumber.testng.CucumberFeatureWrapper)[pri:0, instance:cucumber.Options.TestRunner@6d00a15d]" name="runScenario" class="io.cucumber.testng.AbstractTestNGCucumberTests"/>
      </group> <!-- cucumber -->
    </groups>
    <test name="Surefire test" duration-ms="9963" started-at="2020-07-07T13:39:00Z" finished-at="2020-07-07T13:39:10Z">
      <class name="cucumber.Options.TestRunner">
        <test-method status="PASS" signature="setUpClass()[pri:0, instance:cucumber.Options.TestRunner@6d00a15d]" name="setUpClass" is-config="true" duration-ms="222" started-at="2020-07-07T19:09:00Z" finished-at="2020-07-07T19:09:00Z">
          <reporter-output>
          </reporter-output>
        </test-method> <!-- setUpClass -->
        <test-method status="PASS" signature="runScenario(io.cucumber.testng.PickleEventWrapper, io.cucumber.testng.CucumberFeatureWrapper)[pri:0, instance:cucumber.Options.TestRunner@6d00a15d]" name="runScenario" duration-ms="9367" started-at="2020-07-07T19:09:00Z" description="Runs Cucumber Scenarios" data-provider="scenarios" finished-at="2020-07-07T19:09:09Z">
          <params>
            <param index="0">
              <value>
                <![CDATA["Verify that place is added successfully using add place api"]]>
              </value>
            </param>
            <param index="1">
              <value>
                <![CDATA["Place Validation"]]>
              </value>
            </param>
          </params>
          <reporter-output>
          </reporter-output>
        </test-method> <!-- runScenario -->
        <test-method status="PASS" signature="tearDownClass()[pri:0, instance:cucumber.Options.TestRunner@6d00a15d]" name="tearDownClass" is-config="true" duration-ms="300" started-at="2020-07-07T19:09:09Z" finished-at="2020-07-07T19:09:10Z">
          <reporter-output>
          </reporter-output>
        </test-method> <!-- tearDownClass -->
        <test-method status="PASS" signature="teardown()[pri:0, instance:cucumber.Options.TestRunner@6d00a15d]" name="teardown" is-config="true" duration-ms="28251" started-at="2020-07-07T19:09:10Z" finished-at="2020-07-07T19:09:38Z">
          <reporter-output>
          </reporter-output>
        </test-method> <!-- teardown -->
      </class> <!-- cucumber.Options.TestRunner -->
    </test> <!-- Surefire test -->
  </suite> <!-- Surefire suite -->
</testng-results>
