<?xml version="1.0" encoding="UTF-8"?>
<testng-results skipped="0" failed="0" total="1" passed="1">
  <reporter-output>
  </reporter-output>
  <suite name="Default suite" duration-ms="7921" started-at="2020-07-07T12:13:35Z" finished-at="2020-07-07T12:13:43Z">
    <groups>
      <group name="cucumber">
        <method signature="AbstractTestNGCucumberTests.runScenario(io.cucumber.testng.PickleEventWrapper, io.cucumber.testng.CucumberFeatureWrapper)[pri:0, instance:cucumber.Options.TestRunner@7b227d8d]" name="runScenario" class="io.cucumber.testng.AbstractTestNGCucumberTests"/>
      </group> <!-- cucumber -->
    </groups>
    <test name="Default test" duration-ms="7921" started-at="2020-07-07T12:13:35Z" finished-at="2020-07-07T12:13:43Z">
      <class name="cucumber.Options.TestRunner">
        <test-method status="PASS" signature="setUpClass()[pri:0, instance:cucumber.Options.TestRunner@7b227d8d]" name="setUpClass" is-config="true" duration-ms="257" started-at="2020-07-07T17:43:35Z" finished-at="2020-07-07T17:43:35Z">
          <reporter-output>
          </reporter-output>
        </test-method> <!-- setUpClass -->
        <test-method status="PASS" signature="runScenario(io.cucumber.testng.PickleEventWrapper, io.cucumber.testng.CucumberFeatureWrapper)[pri:0, instance:cucumber.Options.TestRunner@7b227d8d]" name="runScenario" duration-ms="7457" started-at="2020-07-07T17:43:35Z" description="Runs Cucumber Scenarios" data-provider="scenarios" finished-at="2020-07-07T17:43:43Z">
          <params>
            <param index="0">
              <value>
                <![CDATA["Verify that place is added successfully using add place api"]]>
              </value>
            </param>
            <param index="1">
              <value>
                <![CDATA["Place Validation"]]>
              </value>
            </param>
          </params>
          <reporter-output>
          </reporter-output>
        </test-method> <!-- runScenario -->
        <test-method status="PASS" signature="tearDownClass()[pri:0, instance:cucumber.Options.TestRunner@7b227d8d]" name="tearDownClass" is-config="true" duration-ms="92" started-at="2020-07-07T17:43:43Z" finished-at="2020-07-07T17:43:43Z">
          <reporter-output>
          </reporter-output>
        </test-method> <!-- tearDownClass -->
      </class> <!-- cucumber.Options.TestRunner -->
    </test> <!-- Default test -->
  </suite> <!-- Default suite -->
</testng-results>
